  GEN     /root/Android/kernel/out/Makefile
scripts/kconfig/conf --silentoldconfig Kconfig
  GEN     /root/Android/kernel/out/Makefile
  CHK     include/linux/version.h
  Using /root/Android/kernel as source for kernel
  CHK     include/generated/utsrelease.h
  HOSTCC  scripts/dtc/checks.o
  HOSTCC  scripts/genksyms/genksyms.o
  HOSTCC  scripts/dtc/data.o
  HOSTCC  scripts/genksyms/lex.lex.o
  HOSTCC  scripts/dtc/dtc-lexer.lex.o
  HOSTCC  scripts/genksyms/parse.tab.o
  HOSTCC  scripts/dtc/dtc-parser.tab.o
  HOSTLD  scripts/genksyms/genksyms
make[2]: «include/generated/mach-types.h» не требует обновления.
  CC      kernel/bounds.s
  HOSTCC  scripts/dtc/dtc.o
  GEN     include/generated/bounds.h
  CC      arch/arm/kernel/asm-offsets.s
  HOSTCC  scripts/dtc/flattree.o
  HOSTCC  scripts/dtc/fstree.o
  GEN     include/generated/asm-offsets.h
  CALL    /root/Android/kernel/scripts/checksyscalls.sh
  HOSTCC  scripts/dtc/livetree.o
  HOSTCC  scripts/dtc/srcpos.o
  HOSTCC  scripts/dtc/treesource.o
  HOSTCC  scripts/dtc/util.o
  CC      scripts/mod/empty.o
  HOSTCC  scripts/mod/mk_elfconfig
  HOSTLD  scripts/dtc/dtc
  HOSTCC  scripts/selinux/genheaders/genheaders
  MKELF   scripts/mod/elfconfig.h
  HOSTCC  scripts/mod/file2alias.o
  HOSTCC  scripts/selinux/mdp/mdp
  HOSTCC  scripts/kallsyms
  HOSTCC  scripts/mod/modpost.o
  HOSTCC  scripts/conmakehash
  HOSTCC  scripts/bin2c
  HOSTCC  scripts/mod/sumversion.o
  HOSTLD  scripts/mod/modpost
  HOSTCC  usr/gen_init_cpio
  CC      init/main.o
  GEN     usr/initramfs_data.cpio
  AS      usr/initramfs_data.o
  LD      usr/built-in.o
  CC      arch/arm/vfp/vfpmodule.o
  AS      arch/arm/vfp/entry.o
  AS      arch/arm/vfp/vfphw.o
  CC      arch/arm/vfp/vfpsingle.o
  CHK     include/generated/compile.h
  CC      init/do_mounts.o
  CC      arch/arm/vfp/vfpdouble.o
  LD      arch/arm/vfp/vfp.o
  LD      arch/arm/vfp/built-in.o
  CC      init/do_mounts_rd.o
  CC      init/do_mounts_initrd.o
  CC      init/initramfs.o
  CC      init/calibrate.o
  CC      arch/arm/kernel/elf.o
  CC      init/version.o
  AS      arch/arm/kernel/entry-armv.o
  LD      init/mounts.o
  LD      init/built-in.o
  CC      arch/arm/mm/dma-mapping.o
  AS      arch/arm/kernel/entry-common.o
  CC      arch/arm/kernel/irq.o
  CC      arch/arm/kernel/opcodes.o
  CC      arch/arm/kernel/process.o
  CC      arch/arm/mm/extable.o
  CC      arch/arm/mm/fault.o
  CC      arch/arm/kernel/ptrace.o
  CC      arch/arm/kernel/return_address.o
  CC      arch/arm/mm/init.o
/root/Android/kernel/arch/arm/kernel/return_address.c:62:2: warning: #warning "TODO: return_address should use unwind tables" [-Wcpp]
  CC      arch/arm/kernel/sched_clock.o
  CC      arch/arm/kernel/setup.o
  CC      arch/arm/mm/iomap.o
  CC      arch/arm/kernel/signal.o
  CC      arch/arm/mm/fault-armv.o
  CC      arch/arm/mm/flush.o
  CC      arch/arm/kernel/stacktrace.o
  CC      arch/arm/kernel/sys_arm.o
  CC      arch/arm/mm/idmap.o
  CC      arch/arm/mm/ioremap.o
  CC      arch/arm/kernel/time.o
  CC      arch/arm/kernel/traps.o
  CC      arch/arm/mm/mmap.o
  CC      arch/arm/mm/pgd.o
  CC      arch/arm/mm/mmu.o
  CC      arch/arm/kernel/cpuidle.o
  CC      arch/arm/kernel/armksyms.o
  CC      arch/arm/kernel/module.o
  AS      arch/arm/kernel/sleep.o
  CC      arch/arm/mm/vmregion.o
  CC      arch/arm/kernel/suspend.o
  CC      arch/arm/mm/proc-syms.o
  CC      arch/arm/kernel/smp.o
  CC      arch/arm/mm/alignment.o
  CC      arch/arm/kernel/smp_tlb.o
  CC      arch/arm/mm/highmem.o
  CC      arch/arm/kernel/smp_scu.o
  CC      arch/arm/kernel/arch_timer.o
  AS      arch/arm/mm/abort-ev7.o
  AS      arch/arm/mm/pabort-v7.o
  AS      arch/arm/mm/cache-v7.o
  CC      arch/arm/mm/copypage-v6.o
  CC      arch/arm/kernel/machine_kexec.o
  CC      arch/arm/mm/context.o
  AS      arch/arm/kernel/relocate_kernel.o
  CC      arch/arm/kernel/kprobes.o
  AS      arch/arm/mm/tlb-v7.o
  AS      arch/arm/mm/proc-v7.o
  LD      arch/arm/mm/built-in.o
  CC      arch/arm/common/gic.o
  CC      arch/arm/kernel/kprobes-common.o
  CC      arch/arm/kernel/patch.o
  CC      arch/arm/kernel/kprobes-arm.o
  CC      arch/arm/common/cpaccess.o
  CC      arch/arm/kernel/atags.o
  CC      arch/arm/kernel/unwind.o
  LD      arch/arm/common/built-in.o
  LD      arch/arm/net/built-in.o
  AS      arch/arm/crypto/aesbs-core.o
  CC      arch/arm/crypto/aesbs-glue.o
  CC      arch/arm/kernel/devtree.o
  AS      arch/arm/crypto/aes-armv4.o
  CC      arch/arm/crypto/aes_glue.o
  CC      arch/arm/kernel/swp_emulate.o
  AS      arch/arm/crypto/sha1-armv7-neon.o
  CC      arch/arm/crypto/sha1_neon_glue.o
  CC      arch/arm/kernel/hw_breakpoint.o
  AS      arch/arm/crypto/sha1-armv4-large.o
  CC      arch/arm/crypto/sha1_glue.o
  CC      arch/arm/kernel/pmu.o
  AS      arch/arm/crypto/sha512-armv7-neon.o
  CC      arch/arm/crypto/sha512_neon_glue.o
  CC      arch/arm/kernel/perf_event.o
  LD      arch/arm/crypto/aes-arm.o
  LD      arch/arm/crypto/aes-arm-bs.o
  LD      arch/arm/crypto/sha1-arm.o
  LD      arch/arm/crypto/sha1-arm-neon.o
  LD      arch/arm/crypto/sha512-arm-neon.o
  LD      arch/arm/crypto/built-in.o
  CC      arch/arm/mach-msm/io.o
  CC      arch/arm/mach-msm/dma.o
  CC      arch/arm/kernel/topology.o
  CC      arch/arm/mach-msm/memory.o
  CC      arch/arm/kernel/io.o
  AS      arch/arm/kernel/debug.o
  CC      arch/arm/kernel/early_printk.o
  AS      arch/arm/kernel/head.o
  CC      arch/arm/kernel/init_task.o
  CC      arch/arm/mach-msm/clock.o
  LDS     arch/arm/kernel/vmlinux.lds
  LD      arch/arm/kernel/built-in.o
  CC      arch/arm/mach-msm/clock-voter.o
  CC      arch/arm/perfmon/perf-function-hooks.o
  CC      arch/arm/mach-msm/clock-dummy.o
  CC      arch/arm/mach-msm/clock-generic.o
  LD      arch/arm/perfmon/built-in.o
  CC      kernel/fork.o
  CC      arch/arm/mach-msm/modem_notifier.o
  CC      arch/arm/mach-msm/board-dt.o
  CC      arch/arm/mach-msm/nohlt.o
  CC      arch/arm/mach-msm/clock-debug.o
  CC      kernel/exec_domain.o
  CC      arch/arm/mach-msm/msm_kexec.o
  CC      kernel/panic.o
  CC      arch/arm/mach-msm/acpuclock.o
  CC      arch/arm/mach-msm/clock-a7.o
  CC      arch/arm/mach-msm/perf_trace_counters.o
  CC      kernel/printk.o
  CC      arch/arm/mach-msm/perf_debug.o
  AS      arch/arm/mach-msm/headsmp.o
  CC      arch/arm/mach-msm/platsmp.o
  CC      arch/arm/mach-msm/hotplug.o
  CC      kernel/cpu.o
  AS      arch/arm/mach-msm/idle-v7.o
  CC      arch/arm/mach-msm/jtag-fuse.o
  CC      arch/arm/mach-msm/jtag-mm.o
  CC      kernel/exit.o
  CC      arch/arm/mach-msm/smd.o
  CC      kernel/itimer.o
  TIMEC   kernel/timeconst.h
  CC      kernel/softirq.o
  CC      arch/arm/mach-msm/smd_debug.o
  CC      kernel/resource.o
  CC      arch/arm/mach-msm/remote_spinlock.o
/tmp/ccG6hkkL.s: Assembler messages:
/tmp/ccG6hkkL.s:163: Warning: swp{b} use is deprecated for this architecture
/tmp/ccG6hkkL.s:189: Warning: swp{b} use is deprecated for this architecture
  CC      arch/arm/mach-msm/smd_private.o
  CC      kernel/sysctl.o
  CC      arch/arm/mach-msm/smem.o
  CC      arch/arm/mach-msm/smd_init_dt.o
  CC      kernel/sysctl_binary.o
  CC      arch/arm/mach-msm/smd_init_plat.o
  CC      arch/arm/mach-msm/smp2p.o
  CC      arch/arm/mach-msm/smp2p_debug.o
  CC      arch/arm/mach-msm/smp2p_gpio.o
  CC      kernel/capability.o
  CC      arch/arm/mach-msm/smp2p_loopback.o
  CC      kernel/ptrace.o
  CC      arch/arm/mach-msm/smp2p_test.o
  CC      kernel/timer.o
  CC      arch/arm/mach-msm/smp2p_gpio_test.o
  CC      arch/arm/mach-msm/smp2p_spinlock_test.o
  CC      arch/arm/mach-msm/scm.o
  CC      kernel/user.o
  CC      arch/arm/mach-msm/scm-boot.o
  CC      kernel/signal.o
  CC      arch/arm/mach-msm/scm-mpu.o
  CC      arch/arm/mach-msm/scm-xpu.o
  CC      arch/arm/mach-msm/peripheral-loader.o
  CC      arch/arm/mach-msm/scm-pas.o
  CC      kernel/sys.o
  CC      arch/arm/mach-msm/pil-q6v5.o
  CC      arch/arm/mach-msm/pil-q6v5-lpass.o
  CC      arch/arm/mach-msm/pil-msa.o
  CC      kernel/kmod.o
  CC      arch/arm/mach-msm/pil-q6v5-mss.o
  CC      arch/arm/mach-msm/pil-pronto.o
  CC      kernel/workqueue.o
  CC      arch/arm/mach-msm/pil-venus.o
  CC      arch/arm/mach-msm/bam_dmux.o
  CC      kernel/pid.o
  CC      kernel/rcupdate.o
  CC      arch/arm/mach-msm/smem_log.o
  CC      kernel/extable.o
  CC      kernel/params.o
  CC      arch/arm/mach-msm/common_log.o
  CC      arch/arm/mach-msm/ipc_logging.o
  CC      kernel/posix-timers.o
  CC      arch/arm/mach-msm/ipc_logging_debug.o
  CC      kernel/kthread.o
  CC      arch/arm/mach-msm/socinfo.o
  CC      kernel/wait.o
  CC      arch/arm/mach-msm/smd_tty.o
  CC      kernel/kfifo.o
  CC      arch/arm/mach-msm/smd_qmi.o
  CC      kernel/sys_ni.o
  CC      kernel/posix-cpu-timers.o
  CC      arch/arm/mach-msm/smd_pkt.o
  CC      kernel/mutex.o
  CC      arch/arm/mach-msm/smd_nmea.o
  CC      kernel/hrtimer.o
  CC      arch/arm/mach-msm/ipc_router_smd_xprt.o
  CC      arch/arm/mach-msm/ipc_router.o
  CC      kernel/rwsem.o
  CC      kernel/nsproxy.o
  CC      kernel/srcu.o
  CC      kernel/semaphore.o
  CC      arch/arm/mach-msm/ipc_socket.o
  CC      kernel/notifier.o
  CC      kernel/ksysfs.o
  CC      arch/arm/mach-msm/msm_qmi_interface.o
  CC      kernel/cred.o
  CC      arch/arm/mach-msm/smd_rpc_sym.o
  CC      kernel/async.o
  CC      arch/arm/mach-msm/msm_bus/msm_bus_core.o
  CC      kernel/range.o
  CC      kernel/groups.o
  CC      arch/arm/mach-msm/msm_bus/msm_bus_fabric.o
  CC      kernel/asusdebug.o
  CC      arch/arm/mach-msm/msm_bus/msm_bus_config.o
  CC      arch/arm/mach-msm/msm_bus/msm_bus_arb.o
  CC      kernel/asusevtlog.o
  CC      arch/arm/mach-msm/msm_bus/msm_bus_bimc.o
  CC      kernel/events/core.o
  CC      arch/arm/mach-msm/msm_bus/msm_bus_noc.o
  CC      arch/arm/mach-msm/msm_bus/msm_buspm_coresight.o
  CC      arch/arm/mach-msm/msm_bus/msm_bus_of.o
  CC      arch/arm/mach-msm/msm_bus/msm_bus_rpm_smd.o
  CC      arch/arm/mach-msm/msm_bus/msm_bus_id.o
  CC      arch/arm/mach-msm/msm_bus/msm_bus_dbg.o
  CC      kernel/events/ring_buffer.o
  CC      kernel/events/callchain.o
  LD      arch/arm/mach-msm/msm_bus/built-in.o
  CC      arch/arm/mach-msm/qdsp6v2/apr.o
  CC      kernel/events/hw_breakpoint.o
  CC      arch/arm/mach-msm/qdsp6v2/apr_v2.o
  LD      kernel/events/built-in.o
  CC      kernel/irq/irqdesc.o
  CC      arch/arm/mach-msm/qdsp6v2/apr_tal.o
  CC      arch/arm/mach-msm/qdsp6v2/dsp_debug.o
  CC      kernel/irq/handle.o
  CC      arch/arm/mach-msm/qdsp6v2/voice_svc.o
  CC      kernel/irq/manage.o
  CC      arch/arm/mach-msm/qdsp6v2/aac_in.o
  CC      arch/arm/mach-msm/qdsp6v2/qcelp_in.o
  CC      kernel/irq/spurious.o
  CC      kernel/irq/resend.o
  CC      arch/arm/mach-msm/qdsp6v2/evrc_in.o
  CC      kernel/irq/chip.o
  CC      arch/arm/mach-msm/qdsp6v2/amrnb_in.o
  CC      kernel/irq/dummychip.o
  CC      arch/arm/mach-msm/qdsp6v2/audio_utils.o
  CC      kernel/irq/devres.o
  CC      kernel/irq/autoprobe.o
  CC      kernel/irq/irqdomain.o
  CC      arch/arm/mach-msm/qdsp6v2/audio_wma.o
  CC      kernel/irq/proc.o
  CC      arch/arm/mach-msm/qdsp6v2/audio_wmapro.o
  CC      arch/arm/mach-msm/qdsp6v2/audio_aac.o
  CC      kernel/irq/pm.o
  CC      arch/arm/mach-msm/qdsp6v2/audio_multi_aac.o
  LD      kernel/irq/built-in.o
  CC      kernel/power/qos.o
  CC      arch/arm/mach-msm/qdsp6v2/audio_utils_aio.o
  CC      kernel/power/main.o
  CC      kernel/power/console.o
  CC      arch/arm/mach-msm/qdsp6v2/q6audio_v2.o
  CC      kernel/power/process.o
  CC      arch/arm/mach-msm/qdsp6v2/q6audio_v2_aio.o
  CC      arch/arm/mach-msm/qdsp6v2/msm_audio_ion.o
  CC      kernel/power/suspend.o
  CC      arch/arm/mach-msm/qdsp6v2/audio_mp3.o
  CC      kernel/power/autosleep.o
  CC      arch/arm/mach-msm/qdsp6v2/audio_amrnb.o
  CC      kernel/power/wakelock.o
  CC      arch/arm/mach-msm/qdsp6v2/audio_amrwb.o
  CC      kernel/power/suspend_time.o
  CC      kernel/power/poweroff.o
  CC      arch/arm/mach-msm/qdsp6v2/audio_amrwbplus.o
  LD      kernel/power/built-in.o
  CC      kernel/sched/core.o
  CC      arch/arm/mach-msm/qdsp6v2/audio_evrc.o
  CC      arch/arm/mach-msm/qdsp6v2/audio_qcelp.o
  CC      arch/arm/mach-msm/qdsp6v2/amrwb_in.o
  CC      arch/arm/mach-msm/qdsp6v2/adsp-loader.o
  LD      arch/arm/mach-msm/qdsp6v2/built-in.o
  CC      arch/arm/mach-msm/pm-boot.o
  CC      arch/arm/mach-msm/pm-stats.o
  CC      arch/arm/mach-msm/spm-v2.o
  CC      arch/arm/mach-msm/spm_devices.o
  CC      arch/arm/mach-msm/boot_stats.o
  CC      arch/arm/mach-msm/rpm-regulator-smd.o
  CC      kernel/sched/clock.o
  CC      arch/arm/mach-msm/spm-regulator.o
  CC      kernel/sched/idle_task.o
  CC      arch/arm/mach-msm/subsystem_notif.o
  CC      kernel/sched/fair.o
  CC      arch/arm/mach-msm/subsystem_restart.o
  CC      arch/arm/mach-msm/ramdump.o
  CC      arch/arm/mach-msm/sysmon.o
  CC      kernel/sched/rt.o
  CC      arch/arm/mach-msm/msm_watchdog_v2.o
  CC      arch/arm/mach-msm/msm_memory_dump.o
  CC      arch/arm/mach-msm/bms-batterydata.o
  CC      arch/arm/mach-msm/bms-batterydata-desay.o
  CC      arch/arm/mach-msm/batterydata-lib.o
  CC      kernel/sched/stop_task.o
  CC      arch/arm/mach-msm/bms-batterydata-oem.o
  CC      kernel/sched/sched_avg.o
  CC      arch/arm/mach-msm/bms-batterydata-qrd-4v35-2000mah.o
  CC      arch/arm/mach-msm/bms-batterydata-qrd-4v2-1300mah.o
  CC      arch/arm/mach-msm/gdsc.o
  CC      kernel/sched/cpupri.o
  CC      kernel/sched/stats.o
  CC      arch/arm/mach-msm/board-8226.o
  CC      kernel/sched/debug.o
  CC      arch/arm/mach-msm/board-8226-gpiomux.o
  CC      arch/arm/mach-msm/clock-local2.o
  LD      kernel/sched/built-in.o
  CC      kernel/time/timekeeping.o
  CC      arch/arm/mach-msm/clock-pll.o
  CC      arch/arm/mach-msm/clock-8226.o
  CC      kernel/time/ntp.o
  CC      kernel/time/clocksource.o
  CC      arch/arm/mach-msm/clock-rpm.o
  CC      arch/arm/mach-msm/clock-mdss-8974.o
  CC      kernel/time/jiffies.o
  CC      kernel/time/timer_list.o
  CC      kernel/time/timecompare.o
  CC      kernel/time/timeconv.o
  CC      kernel/time/posix-clock.o
  CC      arch/arm/mach-msm/acpuclock-8226.o
  CC      kernel/time/clockevents.o
  CC      arch/arm/mach-msm/acpuclock-cortex.o
  CC      kernel/time/tick-common.o
  CC      arch/arm/mach-msm/msm-pm.o
  CC      kernel/time/tick-broadcast.o
  CC      kernel/time/tick-oneshot.o
  CC      kernel/time/tick-sched.o
  CC      arch/arm/mach-msm/pm-data.o
  CC      arch/arm/mach-msm/ext-buck-control.o
  CC      kernel/time/timer_stats.o
  CC      arch/arm/mach-msm/rpm-smd.o
  LD      kernel/time/built-in.o
  CC      kernel/trace/trace_clock.o
  CC      kernel/trace/ring_buffer.o
  CC      arch/arm/mach-msm/lpm_levels.o
  CC      arch/arm/mach-msm/mpm-of.o
  CC      kernel/trace/trace.o
  CC      arch/arm/mach-msm/rpm_stats.o
  CC      arch/arm/mach-msm/rpm_master_stat.o
  CC      arch/arm/mach-msm/rpm_rbcpr_stats_v2.o
  CC      arch/arm/mach-msm/rpm_log.o
  CC      arch/arm/mach-msm/tz_log.o
  CC      kernel/trace/trace_output.o
  CC      arch/arm/mach-msm/iommu_domains.o
  CC      kernel/trace/trace_stat.o
  CC      arch/arm/mach-msm/ocmem.o
  CC      kernel/trace/trace_printk.o
  CC      arch/arm/mach-msm/ocmem_allocator.o
  CC      arch/arm/mach-msm/ocmem_notifier.o
  CC      kernel/trace/trace_sched_switch.o
  CC      arch/arm/mach-msm/ocmem_sched.o
  CC      kernel/trace/trace_nop.o
  CC      kernel/trace/blktrace.o
  CC      arch/arm/mach-msm/ocmem_api.o
  CC      kernel/trace/trace_events.o
  CC      arch/arm/mach-msm/ocmem_rdm.o
  CC      arch/arm/mach-msm/ocmem_core.o
  CC      arch/arm/mach-msm/sensors_adsp.o
  CC      kernel/trace/trace_export.o
  CC      arch/arm/mach-msm/gpiomux-v2.o
  CC      arch/arm/mach-msm/gpiomux.o
  CC      kernel/trace/trace_event_perf.o
  CC      arch/arm/mach-msm/msm_rq_stats.o
  CC      kernel/trace/trace_events_filter.o
  CC      arch/arm/mach-msm/msm_show_resume_irq.o
  CC      arch/arm/mach-msm/restart.o
  CC      kernel/trace/trace_kprobe.o
  CC      arch/arm/mach-msm/msm_rtb.o
  CC      arch/arm/mach-msm/wdog_debug.o
  CC      arch/arm/mach-msm/msm_mem_hole.o
  CC      arch/arm/mach-msm/smcmod.o
  CC      kernel/trace/power-traces.o
  CC      arch/arm/mach-msm/cpr-regulator.o
  CC      kernel/trace/rpm-traces.o
  CC      arch/arm/mach-msm/cpufreq.o
  LD      kernel/trace/built-in.o
  CC      kernel/freezer.o
  CC      arch/arm/mach-msm/devfreq_cpubw.o
  CC      kernel/profile.o
  CC [M]  arch/arm/mach-msm/reset_modem.o
  CC [M]  arch/arm/mach-msm/msm-buspm-dev.o
  CC      kernel/stacktrace.o
  LD      arch/arm/mach-msm/built-in.o
  CC      mm/filemap.o
  CC      kernel/mutex-debug.o
  CC      kernel/futex.o
  CC      kernel/rtmutex.o
  CC      mm/mempool.o
  CC      mm/oom_kill.o
  CC      kernel/smp.o
  CC      kernel/spinlock.o
  CC      mm/fadvise.o
  CC      kernel/uid16.o
  CC      mm/maccess.o
  CC      mm/page_alloc.o
  CC      kernel/module.o
  CC      kernel/kallsyms.o
  CC      mm/page-writeback.o
  CC      kernel/kexec.o
  CC      kernel/cgroup.o
  CC      mm/readahead.o
  CC      mm/swap.o
  CC      mm/truncate.o
  CC      kernel/cgroup_freezer.o
  GZIP    kernel/config_data.gz
  CC      kernel/res_counter.o
  CC      mm/vmscan.o
  CC      kernel/stop_machine.o
  CC      kernel/audit.o
  CC      kernel/auditfilter.o
  CC      mm/shmem.o
  CC      kernel/auditsc.o
  CC      mm/prio_tree.o
  CC      mm/util.o
  CC      kernel/audit_watch.o
  CC      mm/mmzone.o
  CC      kernel/audit_tree.o
  CC      mm/vmstat.o
  CC      kernel/kprobes.o
  CC      mm/backing-dev.o
  CC      kernel/hung_task.o
  CC      mm/page_isolation.o
  CC      kernel/watchdog.o
  CC      mm/mm_init.o
  CC      mm/mmu_context.o
  CC      kernel/rcutree.o
  CC      mm/percpu.o
  CC      mm/compaction.o
  CC      kernel/relay.o
  CC      mm/fremap.o
  CC      mm/highmem.o
  CC      kernel/utsname_sysctl.o
  CC      kernel/tracepoint.o
  CC      mm/madvise.o
  CC      kernel/elfcore.o
  CC      mm/memory.o
  CC      kernel/irq_work.o
  CC      kernel/cpu_pm.o
  CC      kernel/time.o
  CHK     kernel/config_data.h
  UPD     kernel/config_data.h
  CC      kernel/configs.o
  CC      mm/mincore.o
  LD      kernel/built-in.o
  CC      mm/mlock.o
  CC      fs/open.o
  CC      mm/mmap.o
  CC      fs/read_write.o
  CC      mm/mprotect.o
  CC      fs/file_table.o
  CC      mm/mremap.o
  CC      mm/msync.o
  CC      fs/super.o
  CC      mm/rmap.o
  CC      fs/char_dev.o
  CC      mm/vmalloc.o
  CC      fs/stat.o
  CC      fs/exec.o
  CC      mm/pagewalk.o
  CC      mm/pgtable-generic.o
  CC      mm/process_vm_access.o
  CC      mm/init-mm.o
  CC      fs/pipe.o
  CC      mm/bootmem.o
  CC      mm/memblock.o
  CC      fs/namei.o
  CC      mm/bounce.o
  CC      mm/page_io.o
  CC      mm/swap_state.o
  CC      mm/swapfile.o
  CC      fs/fcntl.o
  CC      fs/ioctl.o
  CC      mm/dmapool.o
  CC      fs/readdir.o
  CC      mm/debug-pagealloc.o
  CC      mm/slub.o
  CC      fs/select.o
  CC      fs/fifo.o
  CC      fs/dcache.o
  CC      mm/migrate.o
  CC      fs/inode.o
  CC      mm/kmemleak.o
  CC      fs/attr.o
  LD      mm/built-in.o
  LD      ipc/built-in.o
  CC      security/keys/gc.o
  CC      fs/bad_inode.o
  CC      fs/file.o
  CC      security/keys/key.o
  CC      fs/filesystems.o
  CC      security/keys/keyring.o
  CC      fs/namespace.o
  CC      security/keys/keyctl.o
  CC      security/keys/permission.o
  CC      security/keys/process_keys.o
  CC      fs/seq_file.o
  CC      security/keys/request_key.o
  CC      fs/xattr.o
  CC      security/keys/request_key_auth.o
  CC      security/keys/user_defined.o
  CC      security/keys/proc.o
  CC      fs/libfs.o
  CC      security/keys/sysctl.o
  LD      security/keys/built-in.o
  GEN     security/selinux/flask.h security/selinux/av_permissions.h
  CC      security/selinux/avc.o
  CC      fs/fs-writeback.o
  CC      security/selinux/hooks.o
  CC      fs/pnode.o
  CC      fs/drop_caches.o
  CC      fs/splice.o
  CC      security/selinux/selinuxfs.o
  CC      fs/sync.o
  CC      fs/utimes.o
  CC      security/selinux/netlink.o
  CC      fs/stack.o
  CC      security/selinux/nlmsgtab.o
  CC      fs/fs_struct.o
  CC      security/selinux/netif.o
  CC      fs/statfs.o
  CC      security/selinux/netnode.o
  CC      fs/buffer.o
  CC      security/selinux/netport.o
  CC      security/selinux/exports.o
  CC      security/selinux/ss/ebitmap.o
  CC      security/selinux/ss/hashtab.o
  CC      fs/bio.o
  CC      security/selinux/ss/symtab.o
  CC      security/selinux/ss/sidtab.o
  CC      security/selinux/ss/avtab.o
  CC      fs/block_dev.o
  CC      security/selinux/ss/policydb.o
  CC      fs/direct-io.o
  CC      security/selinux/ss/services.o
  CC      fs/mpage.o
  CC      security/selinux/ss/conditional.o
  CC      fs/ioprio.o
  CC      security/selinux/ss/mls.o
  CC      fs/proc_namespace.o
  CC      security/selinux/ss/status.o
  CC      fs/debugfs/inode.o
  LD      security/selinux/selinux.o
  LD      security/selinux/built-in.o
  CC      security/commoncap.o
  CC      fs/debugfs/file.o
  CC      security/min_addr.o
  LD      fs/debugfs/debugfs.o
  LD      fs/debugfs/built-in.o
  CC      fs/devpts/inode.o
  CC      security/security.o
  LD      fs/devpts/devpts.o
  LD      fs/devpts/built-in.o
  LD      fs/exofs/built-in.o
  CC      fs/ext2/balloc.o
  CC      security/capability.o
  CC      fs/ext2/dir.o
  CC      fs/ext2/file.o
  CC      fs/ext2/ialloc.o
  CC      security/lsm_audit.o
  CC      fs/ext2/inode.o
  LD      security/built-in.o
  CC      crypto/api.o
  CC      fs/ext2/ioctl.o
  CC      fs/ext2/namei.o
  CC      crypto/cipher.o
  CC      fs/ext2/super.o
  CC      crypto/compress.o
  CC      crypto/algapi.o
  CC      fs/ext2/symlink.o
  CC      fs/ext2/xattr.o
  CC      crypto/scatterwalk.o
  CC      fs/ext2/xattr_user.o
  CC      fs/ext2/xattr_trusted.o
  CC      crypto/proc.o
  LD      fs/ext2/ext2.o
  LD      fs/ext2/built-in.o
  CC      fs/ext3/balloc.o
  CC      crypto/ablkcipher.o
  CC      crypto/blkcipher.o
  CC      fs/ext3/bitmap.o
  CC      fs/ext3/dir.o
  CC      crypto/ahash.o
  CC      fs/ext3/file.o
  CC      fs/ext3/fsync.o
  CC      crypto/shash.o
  CC      fs/ext3/ialloc.o
  CC      crypto/algboss.o
  CC      fs/ext3/inode.o
  CC      crypto/testmgr.o
  CC      crypto/crypto_wq.o
  CC      fs/ext3/ioctl.o
  LD      crypto/crypto_algapi.o
  CC      crypto/aead.o
  CC      fs/ext3/namei.o
  LD      crypto/crypto_blkcipher.o
  CC      crypto/chainiv.o
  CC      crypto/eseqiv.o
  CC      fs/ext3/super.o
  LD      crypto/crypto_hash.o
  CC      crypto/pcompress.o
  LD      crypto/cryptomgr.o
  CC      crypto/hmac.o
  CC      crypto/xcbc.o
  CC      crypto/crypto_null.o
  CC      crypto/md4.o
  CC      fs/ext3/symlink.o
  CC      crypto/md5.o
  CC      fs/ext3/hash.o
  CC      crypto/sha1_generic.o
  CC      fs/ext3/resize.o
  CC      crypto/sha256_generic.o
  CC      fs/ext3/ext3_jbd.o
  CC      crypto/sha512_generic.o
  CC      fs/ext3/xattr.o
  CC      crypto/ecb.o
  CC      fs/ext3/xattr_user.o
  CC      crypto/cbc.o
  CC      fs/ext3/xattr_trusted.o
  CC      crypto/cryptd.o
  LD      fs/ext3/ext3.o
  LD      fs/ext3/built-in.o
  CC      fs/ext4/balloc.o
  CC      crypto/des_generic.o
  CC      fs/ext4/bitmap.o
  CC      fs/ext4/dir.o
  CC      crypto/twofish_generic.o
  CC      fs/ext4/file.o
  CC      crypto/twofish_common.o
  CC      fs/ext4/fsync.o
  CC      crypto/aes_generic.o
  CC      fs/ext4/ialloc.o
  CC      crypto/arc4.o
  CC      fs/ext4/inode.o
  CC      crypto/deflate.o
  CC      crypto/crc32c.o
  CC      crypto/authenc.o
  CC      crypto/authencesn.o
  CC      fs/ext4/page-io.o
  CC      crypto/rng.o
  CC      fs/ext4/ioctl.o
  CC      crypto/krng.o
  CC      crypto/ablk_helper.o
  CC      fs/ext4/namei.o
  CC [M]  crypto/ansi_cprng.o
  LD      crypto/crypto.o
  LD      crypto/built-in.o
  CC      block/elevator.o
  CC      fs/ext4/super.o
  CC      block/blk-core.o
  CC      block/blk-tag.o
  CC      block/blk-sysfs.o
  CC      block/blk-flush.o
  CC      block/blk-settings.o
  CC      fs/ext4/symlink.o
  CC      block/blk-ioc.o
  CC      fs/ext4/hash.o
  CC      fs/ext4/resize.o
  CC      block/blk-map.o
  CC      block/blk-exec.o
  CC      fs/ext4/extents.o
  CC      block/blk-merge.o
  CC      block/blk-softirq.o
  CC      block/blk-timeout.o
  CC      fs/ext4/ext4_jbd2.o
  CC      block/blk-iopoll.o
  CC      fs/ext4/migrate.o
  CC      block/blk-lib.o
  CC      fs/ext4/mballoc.o
  CC      block/ioctl.o
  CC      block/genhd.o
  CC      block/scsi_ioctl.o
  CC      fs/ext4/block_validity.o
  CC      block/partition-generic.o
  CC      fs/ext4/move_extent.o
  CC      block/partitions/check.o
  CC      fs/ext4/mmp.o
  CC      block/partitions/msdos.o
  CC      fs/ext4/indirect.o
  CC      block/partitions/efi.o
  CC      fs/ext4/xattr.o
  LD      block/partitions/built-in.o
  CC      block/bsg.o
  CC      fs/ext4/xattr_user.o
  CC      block/noop-iosched.o
  CC      fs/ext4/xattr_trusted.o
  CC      block/deadline-iosched.o
  CC      fs/ext4/xattr_security.o
  CC      block/row-iosched.o
  LD      fs/ext4/ext4.o
  LD      fs/ext4/built-in.o
  CC      fs/fat/cache.o
  CC      block/cfq-iosched.o
  CC      fs/fat/dir.o
  CC      fs/fat/fatent.o
  CC [M]  block/test-iosched.o
  CC      fs/fat/file.o
  LD      block/built-in.o
  LD      drivers/auxdisplay/built-in.o
  CC      drivers/base/core.o
  CC      fs/fat/inode.o
  CC      drivers/base/bus.o
  CC      fs/fat/misc.o
  CC      fs/fat/namei_vfat.o
  CC      drivers/base/dd.o
  CC      drivers/base/syscore.o
  LD      fs/fat/fat.o
  LD      fs/fat/vfat.o
  LD      fs/fat/built-in.o
  CC      fs/fuse/dev.o
  CC      drivers/base/driver.o
  CC      drivers/base/class.o
  CC      drivers/base/platform.o
  CC      fs/fuse/dir.o
  CC      drivers/base/cpu.o
  CC      drivers/base/firmware.o
  CC      fs/fuse/file.o
  CC      drivers/base/init.o
  CC      drivers/base/map.o
  CC      drivers/base/devres.o
  CC      drivers/base/attribute_container.o
  CC      fs/fuse/inode.o
  CC      drivers/base/transport_class.o
  CC      drivers/base/topology.o
  CC      drivers/base/sys.o
  CC      fs/fuse/control.o
  CC      drivers/base/dma-contiguous.o
  LD      fs/fuse/fuse.o
  LD      fs/fuse/built-in.o
  CC      fs/jbd/transaction.o
  CC      drivers/base/power/sysfs.o
  CC      drivers/base/power/generic_ops.o
  CC      drivers/base/power/common.o
  CC      fs/jbd/commit.o
  CC      drivers/base/power/qos.o
  CC      drivers/base/power/main.o
  CC      fs/jbd/recovery.o
  CC      fs/jbd/checkpoint.o
  CC      drivers/base/power/wakeup.o
  CC      fs/jbd/revoke.o
  CC      drivers/base/power/runtime.o
  CC      fs/jbd/journal.o
  CC      drivers/base/power/clock_ops.o
  LD      drivers/base/power/built-in.o
  CC      drivers/base/regmap/regmap.o
  LD      fs/jbd/jbd.o
  LD      fs/jbd/built-in.o
  CC      fs/jbd2/transaction.o
  CC      drivers/base/regmap/regcache.o
  CC      fs/jbd2/commit.o
  CC      drivers/base/regmap/regcache-rbtree.o
  CC      drivers/base/regmap/regcache-lzo.o
  CC      drivers/base/regmap/regmap-debugfs.o
  CC      fs/jbd2/recovery.o
  CC      drivers/base/regmap/regmap-i2c.o
  CC      drivers/base/regmap/regmap-spi.o
  CC      fs/jbd2/checkpoint.o
  LD      drivers/base/regmap/built-in.o
  CC      drivers/base/dma-mapping.o
  CC      fs/jbd2/revoke.o
  CC      drivers/base/dma-coherent.o
  CC      fs/jbd2/journal.o
  CC      drivers/base/dma-buf.o
  CC      drivers/base/firmware_class.o
  CC      drivers/base/module.o
  CC      drivers/base/soc.o
  LD      fs/jbd2/jbd2.o
  LD      fs/jbd2/built-in.o
  CC      fs/nls/nls_base.o
  CC      drivers/base/sync.o
  CC      fs/nls/nls_cp437.o
  CC      fs/nls/nls_ascii.o
  CC      fs/nls/nls_iso8859-1.o
  CC      fs/nls/nls_utf8.o
  CC      drivers/base/sw_sync.o
  LD      fs/nls/built-in.o
  CC      fs/notify/fsnotify.o
  LD      drivers/base/built-in.o
  CC      fs/notify/notification.o
  CC      drivers/block/brd.o
  CC      fs/notify/group.o
  CC      drivers/block/loop.o
  CC      fs/notify/inode_mark.o
  CC      fs/notify/mark.o
  CC      fs/notify/vfsmount_mark.o
  CC      fs/notify/dnotify/dnotify.o
  LD      drivers/block/built-in.o
  CC      drivers/bluetooth/hci_smd.o
  LD      fs/notify/dnotify/built-in.o
  LD      fs/notify/fanotify/built-in.o
  CC      fs/notify/inotify/inotify_fsnotify.o
  CC      fs/notify/inotify/inotify_user.o
  LD      drivers/bluetooth/built-in.o
  LD      drivers/cdrom/built-in.o
  CC      drivers/char/mem.o
  LD      fs/notify/inotify/built-in.o
  LD      fs/notify/built-in.o
  CC      fs/proc/mmu.o
  CC      drivers/char/random.o
  CC      fs/proc/task_mmu.o
  CC      drivers/char/misc.o
  CC      fs/proc/inode.o
  CC      drivers/char/diag/diagchar_core.o
  CC      fs/proc/root.o
  CC      fs/proc/base.o
  CC      drivers/char/diag/diagchar_hdlc.o
  CC      drivers/char/diag/diagfwd.o
  CC      fs/proc/generic.o
  CC      fs/proc/array.o
  CC      fs/proc/proc_tty.o
  CC      drivers/char/diag/diagmem.o
  CC      fs/proc/cmdline.o
  CC      drivers/char/diag/diagfwd_cntl.o
  CC      fs/proc/consoles.o
  CC      drivers/char/diag/diag_dci.o
  CC      fs/proc/cpuinfo.o
  CC      fs/proc/devices.o
  CC      fs/proc/interrupts.o
  CC      fs/proc/loadavg.o
  CC      fs/proc/meminfo.o
  CC      drivers/char/diag/diag_masks.o
  CC      fs/proc/stat.o
  CC      drivers/char/diag/diag_debugfs.o
  CC      fs/proc/uptime.o
  CC      fs/proc/version.o
  LD      drivers/char/diag/diagchar.o
  LD      drivers/char/diag/built-in.o
  CC      drivers/char/hw_random/core.o
  CC      fs/proc/softirqs.o
  CC      fs/proc/namespaces.o
  CC      drivers/char/hw_random/msm_rng.o
  CC      fs/proc/proc_sysctl.o
  CC      drivers/char/hw_random/fips_drbg.o
  CC      drivers/char/hw_random/ctr_drbg.o
  CC      fs/proc/proc_net.o
  CC      drivers/char/hw_random/msm_fips_selftest.o
  CC      fs/proc/kmsg.o
  LD      drivers/char/hw_random/rng-core.o
  LD      drivers/char/hw_random/built-in.o
  CC      drivers/char/adsprpc.o
  CC      fs/proc/page.o
  LD      fs/proc/proc.o
  LD      fs/proc/built-in.o
  LD      fs/quota/built-in.o
  CC      fs/ramfs/inode.o
  CC [M]  drivers/char/rdbg.o
  CC      fs/ramfs/file-mmu.o
  LD      fs/ramfs/ramfs.o
  LD      fs/ramfs/built-in.o
  CC      fs/sysfs/inode.o
  LD      drivers/char/built-in.o
  CC      drivers/clk/clkdev.o
  CC      fs/sysfs/file.o
  LD      drivers/clk/built-in.o
  LD      drivers/clocksource/built-in.o
  CC      drivers/coresight/coresight.o
  CC      fs/sysfs/dir.o
  CC      drivers/coresight/coresight-fuse.o
  CC      drivers/coresight/coresight-cti.o
  CC      fs/sysfs/symlink.o
  CC      drivers/coresight/coresight-csr.o
  CC      fs/sysfs/mount.o
  CC      drivers/coresight/coresight-tmc.o
  CC      fs/sysfs/bin.o
  CC      fs/sysfs/group.o
  CC      drivers/coresight/coresight-tpiu.o
  LD      fs/sysfs/built-in.o
  CC      fs/eventpoll.o
  CC      drivers/coresight/coresight-funnel.o
  CC      drivers/coresight/coresight-replicator.o
  CC      fs/anon_inodes.o
  CC      drivers/coresight/coresight-stm.o
  CC      fs/signalfd.o
  CC      drivers/coresight/coresight-hwevent.o
  CC      fs/timerfd.o
  CC      drivers/coresight/coresight-etm.o
  CC      fs/eventfd.o
  CC      fs/aio.o
  CC      drivers/coresight/coresight-etm-cp14.o
  CC      drivers/coresight/coresight-audio-etm.o
  CC      drivers/coresight/coresight-modem-etm.o
  CC      drivers/coresight/coresight-wcn-etm.o
  CC      drivers/coresight/coresight-rpm-etm.o
  CC      fs/locks.o
  CC      drivers/coresight/coresight-event.o
  LD      drivers/coresight/built-in.o
  CC      drivers/cpufreq/cpufreq.o
  CC      fs/binfmt_script.o
  CC      fs/binfmt_elf.o
  CC      drivers/cpufreq/cpu-boost.o
  CC      drivers/cpufreq/cpufreq_stats.o
  CC      fs/mbcache.o
  CC      drivers/cpufreq/cpufreq_performance.o
  CC      drivers/cpufreq/cpufreq_powersave.o
  CC      drivers/cpufreq/cpufreq_userspace.o
  CC      fs/dcookies.o
  CC      drivers/cpufreq/cpufreq_ondemand.o
  LD      fs/built-in.o
  CC      drivers/cpufreq/freq_table.o
  CC      sound/sound_core.o
  LD      drivers/cpufreq/built-in.o
  CC      drivers/cpuidle/cpuidle.o
  LD      sound/arm/built-in.o
  LD      sound/atmel/built-in.o
  CC      sound/core/compress_offload.o
  CC      drivers/cpuidle/driver.o
  CC      drivers/cpuidle/governor.o
  CC      sound/core/hwdep.o
  CC      drivers/cpuidle/sysfs.o
  CC      drivers/cpuidle/governors/ladder.o
  CC      drivers/cpuidle/governors/menu.o
  CC      sound/core/memalloc.o
  LD      drivers/cpuidle/governors/built-in.o
  LD      drivers/cpuidle/built-in.o
  CC      drivers/crypto/msm/qce50.o
  CC      sound/core/pcm.o
  CC      sound/core/pcm_native.o
  CC [M]  drivers/crypto/msm/qcedev.o
  CC      sound/core/pcm_lib.o
  CC [M]  drivers/crypto/msm/qcrypto.o
  CC      sound/core/pcm_timer.o
  CC      sound/core/pcm_misc.o
  CC      sound/core/pcm_memory.o
  CC      sound/core/rawmidi.o
  LD      drivers/crypto/msm/built-in.o
  LD      drivers/crypto/built-in.o
  CC      drivers/devfreq/devfreq.o
  CC      drivers/devfreq/governor_simpleondemand.o
  CC      drivers/devfreq/governor_performance.o
  CC      sound/core/timer.o
  CC      drivers/devfreq/governor_powersave.o
  CC      drivers/devfreq/governor_userspace.o
  CC      drivers/devfreq/governor_msm_adreno_tz.o
  CC      drivers/devfreq/governor_msm_cpufreq.o
  LD      drivers/devfreq/built-in.o
  CC      drivers/dts_eagle/dts_eagle_drv.o
  CC      sound/core/sound.o
  LD      drivers/dts_eagle/built-in.o
  LD      drivers/exfat/userdebug/objects/built-in.o
  SHIPPED drivers/exfat/userdebug/objects/aops.o
  SHIPPED drivers/exfat/userdebug/objects/bitmap.o
  SHIPPED drivers/exfat/userdebug/objects/chain.o
  SHIPPED drivers/exfat/userdebug/objects/compat.o
  CC      sound/core/init.o
  SHIPPED drivers/exfat/userdebug/objects/debug.o
  SHIPPED drivers/exfat/userdebug/objects/dir.o
  SHIPPED drivers/exfat/userdebug/objects/fat.o
  SHIPPED drivers/exfat/userdebug/objects/file.o
  SHIPPED drivers/exfat/userdebug/objects/fsck.o
  SHIPPED drivers/exfat/userdebug/objects/inode.o
  SHIPPED drivers/exfat/userdebug/objects/journal.o
  SHIPPED drivers/exfat/userdebug/objects/lcnalloc.o
  SHIPPED drivers/exfat/userdebug/objects/namei.o
  SHIPPED drivers/exfat/userdebug/objects/super.o
  SHIPPED drivers/exfat/userdebug/objects/sysctl.o
  SHIPPED drivers/exfat/userdebug/objects/time.o
  SHIPPED drivers/exfat/userdebug/objects/tuts.o
  SHIPPED drivers/exfat/userdebug/objects/unistr.o
  LD [M]  drivers/exfat/userdebug/objects/texfat.o
  LD      drivers/firewire/built-in.o
  LD      drivers/firmware/built-in.o
  CC      drivers/gpio/gpiolib.o
  CC      sound/core/memory.o
  CC      sound/core/info.o
  CC      drivers/gpio/devres.o
  CC      sound/core/control.o
  CC      drivers/gpio/gpio-msm-common.o
  CC      drivers/gpio/gpio-msm-v3.o
  CC      drivers/gpio/qpnp-pin.o
  CC      sound/core/misc.o
  CC      sound/core/device.o
  CC      drivers/gpio/asus-hwid.o
  CC      sound/core/jack.o
  LD      drivers/gpio/built-in.o
  LD      drivers/gpu/drm/i2c/built-in.o
  LD      drivers/gpu/drm/built-in.o
  CC      drivers/gpu/ion/ion.o
  LD      sound/core/snd.o
  LD      sound/core/snd-hwdep.o
  LD      sound/core/snd-timer.o
  LD      sound/core/snd-pcm.o
  LD      sound/core/snd-page-alloc.o
  LD      sound/core/snd-rawmidi.o
  LD      sound/core/snd-compress.o
  LD      sound/core/built-in.o
  LD      sound/drivers/mpu401/built-in.o
  LD      sound/drivers/opl3/built-in.o
  LD      sound/drivers/opl4/built-in.o
  LD      sound/drivers/pcsp/built-in.o
  LD      sound/drivers/vx/built-in.o
  LD      sound/drivers/built-in.o
  LD      sound/firewire/built-in.o
  LD      sound/i2c/other/built-in.o
  LD      sound/i2c/built-in.o
  LD      sound/isa/ad1816a/built-in.o
  LD      sound/isa/ad1848/built-in.o
  LD      sound/isa/cs423x/built-in.o
  LD      sound/isa/es1688/built-in.o
  LD      sound/isa/galaxy/built-in.o
  LD      sound/isa/gus/built-in.o
  LD      sound/isa/msnd/built-in.o
  LD      sound/isa/opti9xx/built-in.o
  LD      sound/isa/sb/built-in.o
  LD      sound/isa/wavefront/built-in.o
  LD      sound/isa/wss/built-in.o
  LD      sound/isa/built-in.o
  LD      sound/mips/built-in.o
  LD      sound/parisc/built-in.o
  LD      sound/pci/ac97/built-in.o
  LD      sound/pci/ali5451/built-in.o
  LD      sound/pci/asihpi/built-in.o
  LD      sound/pci/au88x0/built-in.o
  LD      sound/pci/aw2/built-in.o
  LD      sound/pci/ca0106/built-in.o
  LD      sound/pci/cs46xx/built-in.o
  LD      sound/pci/cs5535audio/built-in.o
  LD      sound/pci/ctxfi/built-in.o
  LD      sound/pci/echoaudio/built-in.o
  LD      sound/pci/emu10k1/built-in.o
  LD      sound/pci/hda/built-in.o
  LD      sound/pci/ice1712/built-in.o
  LD      sound/pci/korg1212/built-in.o
  LD      sound/pci/lola/built-in.o
  LD      sound/pci/lx6464es/built-in.o
  LD      sound/pci/mixart/built-in.o
  LD      sound/pci/nm256/built-in.o
  LD      sound/pci/oxygen/built-in.o
  LD      sound/pci/pcxhr/built-in.o
  LD      sound/pci/riptide/built-in.o
  LD      sound/pci/rme9652/built-in.o
  LD      sound/pci/trident/built-in.o
  LD      sound/pci/vx222/built-in.o
  LD      sound/pci/ymfpci/built-in.o
  LD      sound/pci/built-in.o
  LD      sound/pcmcia/pdaudiocf/built-in.o
  LD      sound/pcmcia/vx/built-in.o
  LD      sound/pcmcia/built-in.o
  LD      sound/ppc/built-in.o
  LD      sound/sh/built-in.o
  CC      sound/soc/soc-core.o
  CC      drivers/gpu/ion/ion_heap.o
  CC      drivers/gpu/ion/ion_page_pool.o
  CC      drivers/gpu/ion/ion_system_heap.o
  CC      drivers/gpu/ion/ion_carveout_heap.o
  CC      drivers/gpu/ion/ion_chunk_heap.o
  CC      drivers/gpu/ion/ion_cma_heap.o
  CC      drivers/gpu/ion/ion_cma_secure_heap.o
  CC      sound/soc/soc-dapm.o
  CC      drivers/gpu/ion/ion_cp_heap.o
  CC      drivers/gpu/ion/ion_removed_heap.o
  CC      drivers/gpu/ion/msm/msm_ion.o
  CC      sound/soc/soc-jack.o
  CC      drivers/gpu/ion/msm/ion_cp_common.o
  CC      drivers/gpu/ion/msm/ion_iommu_map.o
  CC      sound/soc/soc-cache.o
  LD      drivers/gpu/ion/msm/built-in.o
  LD      drivers/gpu/ion/built-in.o
  CC      drivers/gpu/msm/adreno_ringbuffer.o
  CC      sound/soc/soc-utils.o
  CC      drivers/gpu/msm/adreno_drawctxt.o
  CC      sound/soc/soc-pcm.o
  CC      drivers/gpu/msm/adreno_dispatch.o
  CC      sound/soc/soc-compress.o
  CC      drivers/gpu/msm/adreno_postmortem.o
  CC      sound/soc/soc-io.o
  LD      sound/soc/atmel/built-in.o
  LD      sound/soc/au1x/built-in.o
  LD      sound/soc/blackfin/built-in.o
  CC      sound/soc/codecs/msm_stub.o
  CC      drivers/gpu/msm/adreno_snapshot.o
  CC      sound/soc/codecs/wcd9306.o
  CC      drivers/gpu/msm/adreno_coresight.o
  CC      drivers/gpu/msm/adreno_trace.o
  CC      drivers/gpu/msm/adreno_a2xx.o
  CC      sound/soc/codecs/wcd9306-tables.o
  CC      drivers/gpu/msm/adreno_a2xx_trace.o
  CC      sound/soc/codecs/wcd9xxx-common.o
  CC      drivers/gpu/msm/adreno_a2xx_snapshot.o
  CC      drivers/gpu/msm/adreno_a3xx.o
  CC      sound/soc/codecs/wcdcal-hwdep.o
  CC      sound/soc/codecs/wcd9xxx-resmgr.o
  CC      sound/soc/codecs/wcd9xxx-mbhc.o
  CC      drivers/gpu/msm/adreno_a3xx_trace.o
  CC      drivers/gpu/msm/adreno_a3xx_snapshot.o
  CC      drivers/gpu/msm/adreno.o
  CC      drivers/gpu/msm/adreno_debugfs.o
  LD      sound/soc/codecs/snd-soc-msm-stub.o
  LD      sound/soc/codecs/snd-soc-wcd9306.o
  LD      sound/soc/codecs/built-in.o
  LD      sound/soc/davinci/built-in.o
  LD      sound/soc/ep93xx/built-in.o
  LD      sound/soc/fsl/built-in.o
  LD      sound/soc/imx/built-in.o
  LD      sound/soc/jz4740/built-in.o
  LD      sound/soc/kirkwood/built-in.o
  LD      sound/soc/mid-x86/built-in.o
  CC      sound/soc/msm/msm-pcm-hostless.o
  CC      drivers/gpu/msm/adreno_profile.o
  CC      sound/soc/msm/msm8226.o
  CC      drivers/gpu/msm/kgsl.o
  CC      sound/soc/msm/msm-dai-fe.o
  CC      sound/soc/msm/qdsp6v2/msm-dai-q6-v2.o
  CC      sound/soc/msm/qdsp6v2/msm-pcm-q6-v2.o
  CC      drivers/gpu/msm/kgsl_trace.o
  CC      sound/soc/msm/qdsp6v2/msm-pcm-routing-v2.o
  CC      drivers/gpu/msm/kgsl_sharedmem.o
  CC      sound/soc/msm/qdsp6v2/msm-compress-q6-v2.o
  CC      drivers/gpu/msm/kgsl_pwrctrl.o
  CC      sound/soc/msm/qdsp6v2/msm-compr-q6-v2.o
  CC      drivers/gpu/msm/kgsl_pwrscale.o
  CC      sound/soc/msm/qdsp6v2/msm-multi-ch-pcm-q6-v2.o
  CC      drivers/gpu/msm/kgsl_mmu.o
  CC      sound/soc/msm/qdsp6v2/msm-pcm-lpa-v2.o
  CC      drivers/gpu/msm/kgsl_gpummu.o
  CC      sound/soc/msm/qdsp6v2/msm-pcm-afe-v2.o
  CC      drivers/gpu/msm/kgsl_iommu.o
  CC      sound/soc/msm/qdsp6v2/msm-pcm-voip-v2.o
  CC      drivers/gpu/msm/kgsl_snapshot.o
  CC      sound/soc/msm/qdsp6v2/msm-pcm-voice-v2.o
  CC      drivers/gpu/msm/kgsl_events.o
  CC      sound/soc/msm/qdsp6v2/msm-dai-q6-hdmi-v2.o
  CC      sound/soc/msm/qdsp6v2/msm-lsm-client.o
  CC      drivers/gpu/msm/kgsl_debugfs.o
  CC      drivers/gpu/msm/kgsl_sync.o
  CC      sound/soc/msm/qdsp6v2/msm-audio-effects-q6-v2.o
  CC      drivers/gpu/msm/z180.o
  CC      sound/soc/msm/qdsp6v2/msm-pcm-loopback-v2.o
  CC      sound/soc/msm/qdsp6v2/msm-pcm-dtmf-v2.o
  CC      drivers/gpu/msm/z180_postmortem.o
  CC      drivers/gpu/msm/z180_trace.o
  CC      sound/soc/msm/qdsp6v2/msm-dai-stub-v2.o
  LD      drivers/gpu/msm/msm_kgsl_core.o
  LD      drivers/gpu/msm/msm_adreno.o
  CC      sound/soc/msm/qdsp6v2/q6adm.o
  LD      drivers/gpu/msm/msm_z180.o
  LD      drivers/gpu/msm/built-in.o
  LD      drivers/gpu/stub/built-in.o
  LD      drivers/gpu/vga/built-in.o
  LD      drivers/gpu/built-in.o
  LD      drivers/gud/built-in.o
  CC [M]  drivers/gud/MobiCoreDriver/logging.o
  CC [M]  drivers/gud/MobiCoreDriver/ops.o
  CC [M]  drivers/gud/MobiCoreDriver/mem.o
  CC      sound/soc/msm/qdsp6v2/q6afe.o
  CC [M]  drivers/gud/MobiCoreDriver/api.o
  CC [M]  drivers/gud/MobiCoreDriver/pm.o
  CC [M]  drivers/gud/MobiCoreDriver/main.o
  CC      sound/soc/msm/qdsp6v2/q6asm.o
  CC [M]  drivers/gud/MobiCoreKernelApi/main.o
  CC [M]  drivers/gud/MobiCoreKernelApi/clientlib.o
  CC [M]  drivers/gud/MobiCoreKernelApi/device.o
  CC [M]  drivers/gud/MobiCoreKernelApi/session.o
  CC      sound/soc/msm/qdsp6v2/q6audio-v2.o
  CC [M]  drivers/gud/MobiCoreKernelApi/connection.o
  CC      sound/soc/msm/qdsp6v2/q6voice.o
  LD [M]  drivers/gud/mcKernelApi.o
  LD [M]  drivers/gud/mcDrvModule.o
  CC      drivers/hid/hid-lg.o
  CC      drivers/hid/hid-lgff.o
  CC      drivers/hid/hid-lg4ff.o
  CC      drivers/hid/hid-debug.o
  CC      sound/soc/msm/qdsp6v2/q6core.o
  CC      drivers/hid/hid-core.o
  CC      sound/soc/msm/qdsp6v2/audio_acdb.o
  CC      drivers/hid/hid-input.o
  CC      sound/soc/msm/qdsp6v2/rtac.o
  CC      sound/soc/msm/qdsp6v2/q6lsm.o
  CC      drivers/hid/uhid.o
  LD      sound/soc/msm/qdsp6v2/snd-soc-qdsp6v2.o
  LD      sound/soc/msm/qdsp6v2/built-in.o
  LD      sound/soc/msm/snd-soc-qdsp6v2.o
  LD      sound/soc/msm/snd-soc-msm8226.o
  LD      sound/soc/msm/snd-soc-hostless-pcm.o
  LD      sound/soc/msm/built-in.o
  LD      sound/soc/mxs/built-in.o
  LD      sound/soc/nuc900/built-in.o
  LD      sound/soc/omap/built-in.o
  LD      sound/soc/pxa/built-in.o
  LD      sound/soc/s6000/built-in.o
  LD      sound/soc/samsung/built-in.o
  LD      sound/soc/sh/built-in.o
  LD      sound/soc/tegra/built-in.o
  LD      sound/soc/txx9/built-in.o
  LD      sound/soc/snd-soc-core.o
  LD      sound/soc/built-in.o
  LD      sound/sparc/built-in.o
  LD      sound/spi/built-in.o
  LD      sound/synth/built-in.o
  CC      drivers/hid/hid-apple.o
  CC      sound/usb/card.o
  CC      drivers/hid/hid-elecom.o
  LD      drivers/hid/hid-logitech.o
  CC      drivers/hid/hid-magicmouse.o
  CC      sound/usb/clock.o
  CC      drivers/hid/hid-microsoft.o
  CC      sound/usb/endpoint.o
  CC      drivers/hid/hid-sony.o
  CC      sound/usb/format.o
  CC      drivers/hid/usbhid/hid-core.o
  CC      sound/usb/helper.o
  CC      sound/usb/mixer.o
  CC      drivers/hid/usbhid/hid-quirks.o
  CC      sound/usb/mixer_quirks.o
  LD      drivers/hid/usbhid/usbhid.o
  LD      drivers/hid/usbhid/built-in.o
  CC [M]  drivers/hid/hid-logitech-dj.o
  CC      sound/usb/pcm.o
  LD      drivers/hid/hid.o
  LD      drivers/hid/built-in.o
  LD      drivers/hsi/clients/built-in.o
  LD      drivers/hsi/built-in.o
  CC      drivers/hwmon/hwmon.o
  CC      sound/usb/proc.o
  CC      drivers/hwmon/qpnp-adc-voltage.o
  CC      sound/usb/quirks.o
  CC      sound/usb/stream.o
  CC      drivers/hwmon/qpnp-adc-common.o
  CC      sound/usb/midi.o
  CC      drivers/hwmon/qpnp-adc-current.o
  LD      sound/usb/6fire/built-in.o
  LD      sound/usb/caiaq/built-in.o
  LD      sound/usb/misc/built-in.o
  LD      sound/usb/usx2y/built-in.o
  LD      sound/usb/snd-usb-audio.o
  LD      sound/usb/snd-usbmidi-lib.o
  LD      sound/usb/built-in.o
  CC      sound/last.o
  LD      drivers/hwmon/built-in.o
  CC      drivers/i2c/i2c-boardinfo.o
  LD      sound/soundcore.o
  LD      sound/built-in.o
  LD      firmware/built-in.o
  CC      drivers/i2c/i2c-core.o
  CC      drivers/i2c/i2c-dev.o
  LD      drivers/idle/built-in.o
  LD      drivers/ieee802154/built-in.o
  CC      drivers/input/input.o
  LD      drivers/i2c/algos/built-in.o
  CC      drivers/i2c/busses/i2c-msm.o
  CC      drivers/i2c/busses/i2c-qup.o
  CC      drivers/input/input-compat.o
  CC      drivers/input/input-mt.o
  CC      drivers/input/ff-core.o
  LD      drivers/i2c/busses/built-in.o
  LD      drivers/i2c/muxes/built-in.o
  LD      drivers/i2c/built-in.o
  CC      drivers/input/serio/serio.o
  CC      drivers/input/ff-memless.o
  CC      drivers/input/serio/serport.o
  CC      drivers/input/mousedev.o
  CC      drivers/input/serio/libps2.o
  CC      drivers/input/joydev.o
  LD      drivers/input/serio/built-in.o
  CC      drivers/iommu/iommu.o
  CC      drivers/iommu/msm_iommu.o
  CC      drivers/input/evdev.o
  CC      drivers/iommu/msm_iommu-v1.o
  CC      drivers/input/joystick/xpad.o
  CC      drivers/iommu/msm_iommu_dev-v1.o
  LD      drivers/input/joystick/built-in.o
  CC      drivers/input/keyboard/atkbd.o
  CC      drivers/iommu/msm_iommu_pagetable.o
  CC      drivers/input/keyboard/gpio_keys.o
  CC      drivers/iommu/msm_iommu_sec.o
  LD      drivers/iommu/built-in.o
  CC      drivers/leds/led-core.o
  LD      drivers/input/keyboard/built-in.o
  CC      drivers/input/misc/uinput.o
  CC      drivers/leds/led-class.o
  CC      drivers/input/misc/hall_apx9136.o
  CC      drivers/leds/led-triggers.o
  CC      drivers/input/misc/ltr553.o
  CC      drivers/leds/leds-qpnp.o
  CC      drivers/input/misc/vl6180/stmvl6180_module.o
  CC      drivers/leds/leds-gpio.o
  LD      drivers/leds/built-in.o
  LD      drivers/lguest/built-in.o
  LD      drivers/macintosh/built-in.o
  CC      drivers/md/dm.o
  CC      drivers/input/misc/vl6180/src/vl6180x_api.o
  CC      drivers/input/misc/vl6180/src/vl6180x_i2c.o
  CC      drivers/input/misc/vl6180/src/vl6180x_port_i2c.o
  LD      drivers/input/misc/vl6180/stmvl6180.o
  LD      drivers/input/misc/vl6180/built-in.o
  CC [M]  drivers/input/misc/gpio_event.o
  CC      drivers/md/dm-table.o
  CC [M]  drivers/input/misc/gpio_matrix.o
  CC [M]  drivers/input/misc/gpio_input.o
  CC      drivers/md/dm-target.o
  CC [M]  drivers/input/misc/gpio_output.o
  CC [M]  drivers/input/misc/gpio_axis.o
  CC      drivers/md/dm-linear.o
  LD      drivers/input/misc/built-in.o
  CC      drivers/input/mouse/psmouse-base.o
  CC      drivers/md/dm-stripe.o
  CC      drivers/md/dm-ioctl.o
  CC      drivers/input/mouse/synaptics.o
  CC      drivers/input/mouse/alps.o
  CC      drivers/md/dm-io.o
  CC      drivers/input/mouse/logips2pp.o
  CC      drivers/md/dm-kcopyd.o
  CC      drivers/input/mouse/trackpoint.o
  LD      drivers/input/mouse/psmouse.o
  LD      drivers/input/mouse/built-in.o
  CC      drivers/input/touchscreen/gt9xx/gt9xx.o
  CC      drivers/md/dm-sysfs.o
  CC      drivers/md/dm-crypt.o
/root/Android/kernel/drivers/input/touchscreen/gt9xx/gt9xx.c: In function 'gtp_init_panel':
/root/Android/kernel/drivers/input/touchscreen/gt9xx/gt9xx.c:2059:34: warning: 'drv_cfg_version' may be used uninitialized in this function [-Wuninitialized]
error, forbidden warning: gt9xx.c:2059
  LD      arch/arm/oprofile/built-in.o
  CC [M]  arch/arm/oprofile/../../../drivers/oprofile/oprof.o
  LD      drivers/md/dm-mod.o
  LD      drivers/md/built-in.o
  CC [M]  arch/arm/oprofile/../../../drivers/oprofile/cpu_buffer.o
  CC [M]  arch/arm/oprofile/../../../drivers/oprofile/buffer_sync.o
  CC [M]  arch/arm/oprofile/../../../drivers/oprofile/event_buffer.o
  CC [M]  arch/arm/oprofile/../../../drivers/oprofile/oprofile_files.o
  CC [M]  arch/arm/oprofile/../../../drivers/oprofile/oprofilefs.o
  CC [M]  arch/arm/oprofile/../../../drivers/oprofile/oprofile_stats.o
  CC [M]  arch/arm/oprofile/../../../drivers/oprofile/timer_int.o
  CC [M]  arch/arm/oprofile/../../../drivers/oprofile/oprofile_perf.o
  CC [M]  arch/arm/oprofile/common.o
  LD [M]  arch/arm/oprofile/oprofile.o
